63737777
AAABACAD
00000000
66666666
88888888
12345678
00001011
FFFFFFFF
80000000
10011100
00000000
63737777
00001011
22445588
12345678
38343732
FDE7554F
CF454D20
11FFFFFF
FF23FFFF
4F505759
484F5354
416E6479
20202020
8A6A6666
0A0B0C0D
FFFFFFFF
E9EBE9D1
80818283
58475244
5472616E
AAABACAD
C66AA466
584D5244
54425452
A0030731
48464648
73777377
11223344
41545331
78563412
A2445588
8091A2B3
47414353
20202021
4F454D20
30303030
53465044
D0D0D0D0
20202022
31313131
00112233
CA2D815F
A935ADB9
48585052
4143502E
11111111
AA55A55A
20030731
20202023
44554455
80005232
00000008
88447722
10100000
7366702B
5446454A
999A9B9C
01FFFFFF
61307A39
20202A63
20202024
CC4D4E45
20202647
00000168
30304A67
81828384
5A6880A4
20202025
646F6377
7A7A7A7A
21212121
02030405
D1234567
00001617
77636F64
30304A66
58475542
20202028
43616465
42555941
38383838
67737777
00FFFFFF
DDDDDDDD
A9A55EDD
30303031
41443639
35353535
ABABABAB
F1F2F3F4
41564147
2020202B
43434343
00002065
4F405759
20202029
12345600
53544543
22222222
3738393A
88888888
37333530
00000007
58465023
416E6440
22445500
01030709
32303131
40404040
20202033
00000001
434E5549
4C52543B
11100000
83737777
32323232
01020304
20202552
68686868
726F6F74
20202002
20202027
AAABACA0
30383532
416E6470
AAAABACD
20202031
44494E44
44524758
494E4E4F
10001011
AAAAAAAA
202C3851
30327A36
20203537
33333333
00000260
584D6479
40494940
20202032
66666666
48484848
5346502B
03040720
20202551
A2445587
72798384
4F4350DE
2020203C
476D4672
78562020
00CF9B90
0B0B0B0B
FF00FF00
42585257
41414141
ADACABAA
13245678
38343700
20202752
32373438
32373430
416E6475
30303032
05670000
26262626
EFEFEFEF
E2E1E2E3
20202000
EBEBEBEB
01061963
46484846
24452020
30327A38
20202F46
4C4B544C
E4E1E2E3
48464F4F
9C99CC33
FCFDFEFF
4848FFFF
20214C75
31343036
20171108
2020202A
2C235244
61616161
AAABACAA
2020203B
00000011
20202753
2B2B2B2B
3E3E3E3E
C66AA460
0000000A
00001010
4F70746F
20303032
A0476A3C
18191A1B
416E6441
A938ADB9
00000024
2020255B
C66AA400
20202010
20202424
33292339
20200000
20204B2C
22334455
30327A40
2E2E2E2E
31303130
53465023
00000D3A
40202020
31323334
12345670
ADACAEAA
00000002
4C323232
20202026
20202A20
30373338
21202020
C66AA461
04050607
20202751
ABADCAFE
30343339
30383539
31303034
31313232
31323132
31323335
31333133
31333739
31353930
31393935
31393936
31393937
31393938
31393939
32303030
32303031
32343638
32353235
32353830
34333231
34343434
35363833
36303933
36363636
36373933
36383237
36383335
36393639
37303633
37333934
37363337
37373737
38303638
38303737
38303933
38313936
38333938
38343331
38343338
38353537
38393537
39303437
39343830
39353339
39363239
39393939
41444D4E
524F4F54
6F707779

